[00:49:56] Found 60 videos across all courses
[00:49:56] Already migrated: 2
[00:49:56] Remaining: 58
[00:49:56] 
============================================================
[00:49:56] [1/58] Dr Whittaker's Background
[00:49:56]   Course: Masterclass in Endometriosis & Surgery
[00:49:56]   Vimeo ID: 884485078
[00:49:56]   Already downloaded, reusing
[00:49:56]   File size: 30.4 MB
[00:49:56]   Uploading to CF Stream...
[00:49:56]   tus upload created: 2f8123bb56e8f442fa7f5aeecc7ec791
[00:50:03]   uploaded 31920465/31920465 (100%)
[00:50:03]   Stream UID: 2f8123bb56e8f442fa7f5aeecc7ec791
[00:50:03]   Local file deleted
[00:50:05] 
============================================================
[00:50:05] [2/58] Origin of Endometriosis
[00:50:05]   Course: Masterclass in Endometriosis & Surgery
[00:50:05]   Vimeo ID: 884485030
[00:50:05]   Downloading from Vimeo...
[00:50:50]   File size: 36.0 MB
[00:50:50]   Uploading to CF Stream...
[00:50:51]   tus upload created: 9e92e01b4a8aaad887738a32b11d30aa
[00:51:01]   uploaded 37766079/37766079 (100%)
[00:51:01]   Stream UID: 9e92e01b4a8aaad887738a32b11d30aa
[00:51:01]   Local file deleted
[00:51:03] 
============================================================
[00:51:03] [3/58] Endometriosis and the Immune System
[00:51:03]   Course: Masterclass in Endometriosis & Surgery
[00:51:03]   Vimeo ID: 884485006
[00:51:03]   Downloading from Vimeo...
[00:51:34]   File size: 18.7 MB
[00:51:34]   Uploading to CF Stream...
[00:51:35]   tus upload created: 22fec3a1101b61c4a18f90beb6d7a2b9
[00:51:40]   uploaded 19654535/19654535 (100%)
[00:51:40]   Stream UID: 22fec3a1101b61c4a18f90beb6d7a2b9
[00:51:40]   Local file deleted
[00:51:42] 
============================================================
[00:51:42] [4/58] Endometriosis and Infertility
[00:51:42]   Course: Masterclass in Endometriosis & Surgery
[00:51:42]   Vimeo ID: 884484948
[00:51:42]   Downloading from Vimeo...
[00:53:06]   File size: 56.9 MB
[00:53:06]   Uploading to CF Stream...
[00:53:07]   tus upload created: 525cc121fd33e2943adb0ec6ba7bf289
[00:53:14]   uploaded 52428800/59681728 (87%)
[00:53:19]   uploaded 59681728/59681728 (100%)
[00:53:19]   Stream UID: 525cc121fd33e2943adb0ec6ba7bf289
[00:53:19]   Local file deleted
[00:53:21] 
============================================================
[00:53:21] [5/58] OBGYN Subspecialties, Their Focus & How It Affects Endo Care
[00:53:21]   Course: Masterclass in Endometriosis & Surgery
[00:53:21]   Vimeo ID: 884484894
[00:53:21]   Downloading from Vimeo...
[00:54:18]   File size: 40.1 MB
[00:54:18]   Uploading to CF Stream...
[00:54:18]   tus upload created: 66ba51fa5b9cc525dc6c69dab30277dc
[00:54:30]   uploaded 42015504/42015504 (100%)
[00:54:30]   Stream UID: 66ba51fa5b9cc525dc6c69dab30277dc
[00:54:30]   Local file deleted
[00:54:32] 
============================================================
[00:54:32] [6/58] Candidates for Surgery
[00:54:32]   Course: Masterclass in Endometriosis & Surgery
[00:54:32]   Vimeo ID: 884484846
[00:54:32]   Downloading from Vimeo...
[00:55:21]   File size: 37.0 MB
[00:55:21]   Uploading to CF Stream...
[00:55:22]   tus upload created: 15939ddd981122dbb99cf8be6dfbb397
[00:55:29]   uploaded 38751210/38751210 (100%)
[00:55:29]   Stream UID: 15939ddd981122dbb99cf8be6dfbb397
[00:55:29]   Local file deleted
[00:55:31] 
============================================================
[00:55:31] [7/58] Considerations Prior to Surgery
[00:55:31]   Course: Masterclass in Endometriosis & Surgery
[00:55:31]   Vimeo ID: 884483953
[00:55:31]   Downloading from Vimeo...
[00:57:00]   File size: 55.5 MB
[00:57:00]   Uploading to CF Stream...
[00:57:01]   tus upload created: 502b980a38ea26c4cbd04264ecf47eb4
[00:57:12]   uploaded 52428800/58167900 (90%)
[00:57:14]   uploaded 58167900/58167900 (100%)
[00:57:14]   Stream UID: 502b980a38ea26c4cbd04264ecf47eb4
[00:57:14]   Local file deleted
[00:57:16] 
============================================================
[00:57:16] [8/58] How Creighton Biomarkers Help with Surgical Planning
[00:57:16]   Course: Masterclass in Endometriosis & Surgery
[00:57:16]   Vimeo ID: 884483910
[00:57:16]   Downloading from Vimeo...
[00:57:42]   File size: 12.9 MB
[00:57:42]   Uploading to CF Stream...
[00:57:43]   tus upload created: 78207c66fd1db4894f94c64ff32d2d69
[00:57:47]   uploaded 13478370/13478370 (100%)
[00:57:47]   Stream UID: 78207c66fd1db4894f94c64ff32d2d69
[00:57:47]   Local file deleted
[00:57:49] 
============================================================
[00:57:49] [9/58] Additional Considerations
[00:57:49]   Course: Masterclass in Endometriosis & Surgery
[00:57:49]   Vimeo ID: 884483836
[00:57:49]   Downloading from Vimeo...
[00:58:48]   File size: 32.7 MB
[00:58:48]   Uploading to CF Stream...
[00:58:49]   tus upload created: 8940d68b039ce6793a637ed9808ab1e2
[00:58:55]   uploaded 34309628/34309628 (100%)
[00:58:55]   Stream UID: 8940d68b039ce6793a637ed9808ab1e2
[00:58:55]   Local file deleted
[00:58:57] 
============================================================
[00:58:57] [10/58] Endometriosis Myths
[00:58:57]   Course: Masterclass in Endometriosis & Surgery
[00:58:57]   Vimeo ID: 884483812
[00:58:57]   Downloading from Vimeo...
[00:59:09]   File size: 5.0 MB
[00:59:09]   Uploading to CF Stream...
[00:59:11]   tus upload created: 7f7a50ac5049c524a1de043f8614565f
[00:59:15]   uploaded 5251492/5251492 (100%)
[00:59:15]   Stream UID: 7f7a50ac5049c524a1de043f8614565f
[00:59:15]   Local file deleted
[00:59:17] 
============================================================
[00:59:17] [11/58] Surgery Part 1: Diagnostic Laparoscopy
[00:59:17]   Course: Masterclass in Endometriosis & Surgery
[00:59:17]   Vimeo ID: 884483683
[00:59:17]   Downloading from Vimeo...
[01:00:18]   File size: 47.9 MB
[01:00:18]   Uploading to CF Stream...
[01:00:19]   tus upload created: 5cae964492d0526f9ed476a81908496a
[01:00:28]   uploaded 50222738/50222738 (100%)
[01:00:28]   Stream UID: 5cae964492d0526f9ed476a81908496a
[01:00:28]   Local file deleted
[01:00:30] 
============================================================
[01:00:30] [12/58] Various Appearances of Endometriosis
[01:00:30]   Course: Masterclass in Endometriosis & Surgery
[01:00:30]   Vimeo ID: 884483771
[01:00:30]   Downloading from Vimeo...
[01:01:06]   File size: 22.3 MB
[01:01:06]   Uploading to CF Stream...
[01:01:07]   tus upload created: a36955c6e531c0a89b54e2ab62118b84
[01:01:14]   uploaded 23371828/23371828 (100%)
[01:01:14]   Stream UID: a36955c6e531c0a89b54e2ab62118b84
[01:01:14]   Local file deleted
[01:01:16] 
============================================================
[01:01:16] [13/58] Surgery Part 2: Tools & Techniques
[01:01:16]   Course: Masterclass in Endometriosis & Surgery
[01:01:16]   Vimeo ID: 884483584
[01:01:16]   Downloading from Vimeo...
[01:02:29]   File size: 42.8 MB
[01:02:29]   Uploading to CF Stream...
[01:02:30]   tus upload created: 1315591a7287a717181bd19f5f008006
[01:02:39]   uploaded 44878860/44878860 (100%)
[01:02:39]   Stream UID: 1315591a7287a717181bd19f5f008006
[01:02:39]   Local file deleted
[01:02:41] 
============================================================
[01:02:41] [14/58] Surgery Part 3: Complex Disease
[01:02:41]   Course: Masterclass in Endometriosis & Surgery
[01:02:41]   Vimeo ID: 884483496
[01:02:41]   Downloading from Vimeo...
[01:03:25]   File size: 19.1 MB
[01:03:25]   Uploading to CF Stream...
[01:03:26]   tus upload created: be2af105285b396867c237ab28810b5c
[01:03:32]   uploaded 19987440/19987440 (100%)
[01:03:32]   Stream UID: be2af105285b396867c237ab28810b5c
[01:03:32]   Local file deleted
[01:03:34] 
============================================================
[01:03:34] [15/58] Peritoneum
[01:03:34]   Course: Masterclass in Endometriosis & Surgery
[01:03:34]   Vimeo ID: 884484114
[01:03:34]   Downloading from Vimeo...
[01:03:43]   File size: 1.4 MB
[01:03:43]   Uploading to CF Stream...
[01:03:44]   tus upload created: 5a148cfcd1e9a08c6e70021674bbe668
[01:03:47]   uploaded 1460585/1460585 (100%)
[01:03:47]   Stream UID: 5a148cfcd1e9a08c6e70021674bbe668
[01:03:47]   Local file deleted
[01:03:49] 
============================================================
[01:03:49] [16/58] Peritoneum Controversy
[01:03:49]   Course: Masterclass in Endometriosis & Surgery
[01:03:49]   Vimeo ID: 884484821
[01:03:49]   Downloading from Vimeo...
[01:04:14]   File size: 9.5 MB
[01:04:14]   Uploading to CF Stream...
[01:04:15]   tus upload created: eb3ee8c6a50a9b39144aa7455f9484f2
[01:04:19]   uploaded 9912761/9912761 (100%)
[01:04:19]   Stream UID: eb3ee8c6a50a9b39144aa7455f9484f2
[01:04:19]   Local file deleted
[01:04:21] 
============================================================
[01:04:21] [17/58] Surgery Part 4: Adhesion Prevention
[01:04:21]   Course: Masterclass in Endometriosis & Surgery
[01:04:21]   Vimeo ID: 884484757
[01:04:21]   Downloading from Vimeo...
[01:05:34]   File size: 39.9 MB
[01:05:34]   Uploading to CF Stream...
[01:05:35]   tus upload created: 40a1bd748c2b81f77fac037e2d7ea66e
[01:05:45]   uploaded 41846571/41846571 (100%)
[01:05:45]   Stream UID: 40a1bd748c2b81f77fac037e2d7ea66e
[01:05:45]   Local file deleted
[01:05:47] 
============================================================
[01:05:47] [18/58] Selective HSG
[01:05:47]   Course: Masterclass in Endometriosis & Surgery
[01:05:47]   Vimeo ID: 884484691
[01:05:47]   Downloading from Vimeo...
[01:05:59]   File size: 8.7 MB
[01:05:59]   Uploading to CF Stream...
[01:06:00]   tus upload created: 7ed13c5c083daef11f5d62429139ee29
[01:06:02]   uploaded 9089225/9089225 (100%)
[01:06:02]   Stream UID: 7ed13c5c083daef11f5d62429139ee29
[01:06:02]   Local file deleted
[01:06:04] 
============================================================
[01:06:04] [19/58] Example Cases
[01:06:04]   Course: Masterclass in Endometriosis & Surgery
[01:06:04]   Vimeo ID: 884484662
[01:06:04]   Downloading from Vimeo...
[01:06:27]   File size: 11.8 MB
[01:06:27]   Uploading to CF Stream...
[01:06:28]   tus upload created: fbdccf5a6a214e298bd9dcb0abb2ae46
[01:06:32]   uploaded 12396744/12396744 (100%)
[01:06:32]   Stream UID: fbdccf5a6a214e298bd9dcb0abb2ae46
[01:06:32]   Local file deleted
[01:06:34] 
============================================================
[01:06:34] [20/58] Recurrence Risk
[01:06:34]   Course: Masterclass in Endometriosis & Surgery
[01:06:34]   Vimeo ID: 884484061
[01:06:34]   Downloading from Vimeo...
[01:06:54]   File size: 3.6 MB
[01:06:54]   Uploading to CF Stream...
[01:06:55]   tus upload created: 24423661ae3b8f05374ebbf58da6227a
[01:06:57]   uploaded 3804329/3804329 (100%)
[01:06:57]   Stream UID: 24423661ae3b8f05374ebbf58da6227a
[01:06:57]   Local file deleted
[01:06:59] 
============================================================
[01:06:59] [21/58] Endometriosis Summary
[01:06:59]   Course: Masterclass in Endometriosis & Surgery
[01:06:59]   Vimeo ID: 884484050
[01:06:59]   Downloading from Vimeo...
[01:07:18]   File size: 3.9 MB
[01:07:18]   Uploading to CF Stream...
[01:07:19]   tus upload created: b6f641219f2cc44b31ae4f6a869dd10d
[01:07:24]   uploaded 4121726/4121726 (100%)
[01:07:24]   Stream UID: b6f641219f2cc44b31ae4f6a869dd10d
[01:07:24]   Local file deleted
[01:07:26] 
============================================================
[01:07:26] [22/58] Endometriosis Summary
[01:07:26]   Course: Masterclass in Endometriosis & Surgery
[01:07:26]   Vimeo ID: 884484611
[01:07:26]   Downloading from Vimeo...
[01:07:54]   File size: 11.7 MB
[01:07:54]   Uploading to CF Stream...
[01:07:55]   tus upload created: bc1d9e7538040c29a6b3ec395e2b12a5
[01:08:00]   uploaded 12232789/12232789 (100%)
[01:08:00]   Stream UID: bc1d9e7538040c29a6b3ec395e2b12a5
[01:08:00]   Local file deleted
[01:08:02] 
============================================================
[01:08:02] [23/58] Surgery Recovery
[01:08:02]   Course: Masterclass in Endometriosis & Surgery
[01:08:02]   Vimeo ID: 884484594
[01:08:02]   Downloading from Vimeo...
[01:08:15]   File size: 4.0 MB
[01:08:15]   Uploading to CF Stream...
[01:08:16]   tus upload created: 5413627059551923e420f30b2cbe2f33
[01:08:20]   uploaded 4191505/4191505 (100%)
[01:08:20]   Stream UID: 5413627059551923e420f30b2cbe2f33
[01:08:20]   Local file deleted
[01:08:22] 
============================================================
[01:08:22] [24/58] Summary
[01:08:22]   Course: Masterclass in Endometriosis & Surgery
[01:08:22]   Vimeo ID: 884484396
[01:08:22]   Downloading from Vimeo...
[01:08:30]   File size: 1.4 MB
[01:08:30]   Uploading to CF Stream...
[01:08:31]   tus upload created: f0418f2a24dfb0ea22844bb0eb487245
[01:08:33]   uploaded 1456065/1456065 (100%)
[01:08:33]   Stream UID: f0418f2a24dfb0ea22844bb0eb487245
[01:08:33]   Local file deleted
[01:08:35] 
============================================================
[01:08:35] [25/58] Thoughts
[01:08:35]   Course: Masterclass in Endometriosis & Surgery
[01:08:35]   Vimeo ID: 884484364
[01:08:35]   Downloading from Vimeo...
[01:09:14]   File size: 16.6 MB
[01:09:14]   Uploading to CF Stream...
[01:09:15]   tus upload created: 77c98b3b092ec8d20ce11c1f313ca1ea
[01:09:20]   uploaded 17449795/17449795 (100%)
[01:09:20]   Stream UID: 77c98b3b092ec8d20ce11c1f313ca1ea
[01:09:20]   Local file deleted
[01:09:22] 
============================================================
[01:09:22] [26/58] Additional Q & A
[01:09:22]   Course: Masterclass in Endometriosis & Surgery
[01:09:22]   Vimeo ID: 884484298
[01:09:22]   Downloading from Vimeo...
[01:10:25]   File size: 29.7 MB
[01:10:25]   Uploading to CF Stream...
[01:10:25]   tus upload created: 3e69f75338621a8f4739e07be2b66deb
[01:10:31]   uploaded 31159843/31159843 (100%)
[01:10:31]   Stream UID: 3e69f75338621a8f4739e07be2b66deb
[01:10:31]   Local file deleted
[01:10:33] 
============================================================
[01:10:33] [27/58] Other Resources
[01:10:33]   Course: Masterclass in Endometriosis & Surgery
[01:10:33]   Vimeo ID: 884484259
[01:10:33]   Downloading from Vimeo...
[01:10:55]   File size: 8.3 MB
[01:10:55]   Uploading to CF Stream...
[01:10:56]   tus upload created: 81402728e8e00d3db78346562936920d
[01:10:59]   uploaded 8742176/8742176 (100%)
[01:10:59]   Stream UID: 81402728e8e00d3db78346562936920d
[01:10:59]   Local file deleted
[01:11:01] 
============================================================
[01:11:01] [28/58] References
[01:11:01]   Course: Masterclass in Endometriosis & Surgery
[01:11:01]   Vimeo ID: 884550296
[01:11:01]   Downloading from Vimeo...
[01:11:07]   File size: 1.1 MB
[01:11:07]   Uploading to CF Stream...
[01:11:08]   tus upload created: 5b04a69402498b66fdd9628ff8f062b4
[01:11:11]   uploaded 1185323/1185323 (100%)
[01:11:11]   Stream UID: 5b04a69402498b66fdd9628ff8f062b4
[01:11:11]   Local file deleted
[01:11:13] 
============================================================
[01:11:13] [29/58] Endometriosis and Pain
[01:11:13]   Course: Masterclass in Endometriosis & Surgery
[01:11:13]   Vimeo ID: 884484084
[01:11:13]   Downloading from Vimeo...
[01:11:28]   File size: 4.2 MB
[01:11:28]   Uploading to CF Stream...
[01:11:29]   tus upload created: 212522d62dc4388c295360f61ecddeb0
[01:11:33]   uploaded 4409416/4409416 (100%)
[01:11:33]   Stream UID: 212522d62dc4388c295360f61ecddeb0
[01:11:33]   Local file deleted
[01:11:35] 
============================================================
[01:11:35] [30/58] Lifestyle
[01:11:35]   Course: Masterclass in Endometriosis & Surgery
[01:11:35]   Vimeo ID: 884484577
[01:11:35]   Downloading from Vimeo...
[01:11:45]   File size: 2.1 MB
[01:11:45]   Uploading to CF Stream...
[01:11:46]   tus upload created: 3e9dec726e7103da3bbebe2fa0a65c5c
[01:11:49]   uploaded 2165073/2165073 (100%)
[01:11:49]   Stream UID: 3e9dec726e7103da3bbebe2fa0a65c5c
[01:11:49]   Local file deleted
[01:11:51] 
============================================================
[01:11:51] [31/58] Diet
[01:11:51]   Course: Masterclass in Endometriosis & Surgery
[01:11:51]   Vimeo ID: 884484477
[01:11:51]   Downloading from Vimeo...
[01:12:36]   File size: 16.4 MB
[01:12:36]   Uploading to CF Stream...
[01:12:37]   tus upload created: 93d3c4b27b76ef29c44cc37679727552
[01:12:42]   uploaded 17227700/17227700 (100%)
[01:12:42]   Stream UID: 93d3c4b27b76ef29c44cc37679727552
[01:12:42]   Local file deleted
[01:12:44] 
============================================================
[01:12:44] [32/58] Over-The-Counter NSAIDs & Non-NSAIDs
[01:12:44]   Course: Masterclass in Endometriosis & Surgery
[01:12:44]   Vimeo ID: 884484561
[01:12:44]   Downloading from Vimeo...
[01:12:51]   File size: 1.4 MB
[01:12:51]   Uploading to CF Stream...
[01:12:52]   tus upload created: ccfcc254d312cf1804417630c4175a4b
[01:12:54]   uploaded 1432087/1432087 (100%)
[01:12:54]   Stream UID: ccfcc254d312cf1804417630c4175a4b
[01:12:54]   Local file deleted
[01:12:56] 
============================================================
[01:12:56] [33/58] Supplements
[01:12:56]   Course: Masterclass in Endometriosis & Surgery
[01:12:56]   Vimeo ID: 884484540
[01:12:56]   Downloading from Vimeo...
[01:13:21]   File size: 7.4 MB
[01:13:21]   Uploading to CF Stream...
[01:13:22]   tus upload created: 12022d591f503ca95802a841142ee788
[01:13:24]   uploaded 7783438/7783438 (100%)
[01:13:24]   Stream UID: 12022d591f503ca95802a841142ee788
[01:13:24]   Local file deleted
[01:13:26] 
============================================================
[01:13:26] [34/58] Prescriptions & Devices
[01:13:26]   Course: Masterclass in Endometriosis & Surgery
[01:13:26]   Vimeo ID: 884484517
[01:13:26]   Downloading from Vimeo...
[01:13:47]   File size: 7.2 MB
[01:13:47]   Uploading to CF Stream...
[01:13:48]   tus upload created: 0e482488ee67d1645fddb34a33e46832
[01:13:50]   uploaded 7527470/7527470 (100%)
[01:13:50]   Stream UID: 0e482488ee67d1645fddb34a33e46832
[01:13:50]   Local file deleted
[01:13:52] 
============================================================
[01:13:52] [35/58] Other Considerations
[01:13:52]   Course: Masterclass in Endometriosis & Surgery
[01:13:52]   Vimeo ID: 884484417
[01:13:52]   Downloading from Vimeo...
[01:14:17]   File size: 10.3 MB
[01:14:17]   Uploading to CF Stream...
[01:14:18]   tus upload created: 73aff037390dd380b62eae0df8df0a05
[01:14:21]   uploaded 10781740/10781740 (100%)
[01:14:21]   Stream UID: 73aff037390dd380b62eae0df8df0a05
[01:14:21]   Local file deleted
[01:14:23] 
============================================================
[01:14:23] [36/58] How to Choose a Surgeon
[01:14:23]   Course: Masterclass in Endometriosis & Surgery
[01:14:23]   Vimeo ID: 884484149
[01:14:23]   Downloading from Vimeo...
[01:15:51]   File size: 44.8 MB
[01:15:51]   Uploading to CF Stream...
[01:15:53]   tus upload created: 7e4b1967ce5f87569df021faa95719ab
[01:16:06]   uploaded 46970755/46970755 (100%)
[01:16:06]   Stream UID: 7e4b1967ce5f87569df021faa95719ab
[01:16:06]   Local file deleted
[01:16:08] 
============================================================
[01:16:08] [37/58] Reminder and Thank You!
[01:16:08]   Course: Masterclass in Endometriosis & Surgery
[01:16:08]   Vimeo ID: 884484133
[01:16:08]   Downloading from Vimeo...
[01:16:14]   File size: 0.7 MB
[01:16:14]   Uploading to CF Stream...
[01:16:15]   tus upload created: e7e7b287ebc70dfe4656b61a6e7ec2ba
[01:16:16]   uploaded 704275/704275 (100%)
[01:16:16]   Stream UID: e7e7b287ebc70dfe4656b61a6e7ec2ba
[01:16:16]   Local file deleted
[01:16:18] 
============================================================
[01:16:18] [38/58] Endometriosis and Pain
[01:16:18]   Course: Long Term Endometriosis Management
[01:16:18]   Vimeo ID: 884484084
[01:16:18]   Downloading from Vimeo...
[01:16:22]   File size: 4.2 MB
[01:16:22]   Uploading to CF Stream...
[01:16:22]   tus upload created: a7d0d5bf9e689aa645ba86ba40ac845b
[01:16:25]   uploaded 4409416/4409416 (100%)
[01:16:25]   Stream UID: a7d0d5bf9e689aa645ba86ba40ac845b
[01:16:25]   Local file deleted
[01:16:27] 
============================================================
[01:16:27] [39/58] Lifestyle
[01:16:27]   Course: Long Term Endometriosis Management
[01:16:27]   Vimeo ID: 884484577
[01:16:27]   Downloading from Vimeo...
[01:16:29]   File size: 2.1 MB
[01:16:29]   Uploading to CF Stream...
[01:16:30]   tus upload created: 490480861f6d4601e52c2f24a69a728b
[01:16:32]   uploaded 2165073/2165073 (100%)
[01:16:32]   Stream UID: 490480861f6d4601e52c2f24a69a728b
[01:16:32]   Local file deleted
[01:16:34] 
============================================================
[01:16:34] [40/58] Diet
[01:16:34]   Course: Long Term Endometriosis Management
[01:16:34]   Vimeo ID: 884484477
[01:16:34]   Downloading from Vimeo...
[01:16:47]   File size: 16.4 MB
[01:16:47]   Uploading to CF Stream...
[01:16:48]   tus upload created: 77988636e938bbce09fa643921084f35
[01:16:52]   uploaded 17227700/17227700 (100%)
[01:16:52]   Stream UID: 77988636e938bbce09fa643921084f35
[01:16:52]   Local file deleted
[01:16:54] 
============================================================
[01:16:54] [41/58] Over-The-Counter NSAIDs & Non-NSAIDs
[01:16:54]   Course: Long Term Endometriosis Management
[01:16:54]   Vimeo ID: 884484561
[01:16:54]   Downloading from Vimeo...
[01:16:58]   File size: 1.4 MB
[01:16:58]   Uploading to CF Stream...
[01:17:00]   tus upload created: 58e31ca76b1d00abdf1de31abb280a82
[01:17:03]   uploaded 1432087/1432087 (100%)
[01:17:03]   Stream UID: 58e31ca76b1d00abdf1de31abb280a82
[01:17:03]   Local file deleted
[01:17:05] 
============================================================
[01:17:05] [42/58] Supplements
[01:17:05]   Course: Long Term Endometriosis Management
[01:17:05]   Vimeo ID: 884484540
[01:17:05]   Downloading from Vimeo...
[01:17:14]   File size: 7.4 MB
[01:17:14]   Uploading to CF Stream...
[01:17:15]   tus upload created: dad056457fcf915ad248fdedd8fba0cd
[01:17:17]   uploaded 7783438/7783438 (100%)
[01:17:17]   Stream UID: dad056457fcf915ad248fdedd8fba0cd
[01:17:17]   Local file deleted
[01:17:19] 
============================================================
[01:17:19] [43/58] Prescriptions & Devices
[01:17:19]   Course: Long Term Endometriosis Management
[01:17:19]   Vimeo ID: 884484517
[01:17:19]   Downloading from Vimeo...
[01:17:22]   File size: 7.2 MB
[01:17:22]   Uploading to CF Stream...
[01:17:23]   tus upload created: 3ead3a8b8870673337eedbe674771395
[01:17:26]   uploaded 7527470/7527470 (100%)
[01:17:26]   Stream UID: 3ead3a8b8870673337eedbe674771395
[01:17:26]   Local file deleted
[01:17:28] 
============================================================
[01:17:28] [44/58] Other Considerations
[01:17:28]   Course: Long Term Endometriosis Management
[01:17:28]   Vimeo ID: 884484417
[01:17:28]   Downloading from Vimeo...
[01:17:31]   File size: 10.3 MB
[01:17:31]   Uploading to CF Stream...
[01:17:32]   tus upload created: 5a8dacdf58c7964404eab92eeb010118
[01:17:35]   uploaded 10781740/10781740 (100%)
[01:17:35]   Stream UID: 5a8dacdf58c7964404eab92eeb010118
[01:17:35]   Local file deleted
[01:17:37] 
============================================================
[01:17:37] [45/58] Understanding Postpartum Depression & Anxiety
[01:17:37]   Course: Postpartum Depression & Anxiety: A Restorative Approach to Recovery
[01:17:37]   Vimeo ID: 968433870
[01:17:37]   Downloading from Vimeo...
[01:18:53]   File size: 28.5 MB
[01:18:53]   Uploading to CF Stream...
[01:18:55]   tus upload created: dd3053e442e0512329851ceca4f217b8
[01:19:05]   uploaded 29914816/29914816 (100%)
[01:19:05]   Stream UID: dd3053e442e0512329851ceca4f217b8
[01:19:05]   Local file deleted
[01:19:07] 
============================================================
[01:19:07] [46/58] Causes and Risk Factors
[01:19:07]   Course: Postpartum Depression & Anxiety: A Restorative Approach to Recovery
[01:19:07]   Vimeo ID: 968434468
[01:19:07]   Downloading from Vimeo...
[01:19:47]   File size: 12.2 MB
[01:19:47]   Uploading to CF Stream...
[01:19:48]   tus upload created: d27236742ad4a22b76ecf044624275a9
[01:19:52]   uploaded 12792410/12792410 (100%)
[01:19:52]   Stream UID: d27236742ad4a22b76ecf044624275a9
[01:19:52]   Local file deleted
[01:19:54] 
============================================================
[01:19:54] [47/58] Traditional Treatment Approaches
[01:19:54]   Course: Postpartum Depression & Anxiety: A Restorative Approach to Recovery
[01:19:54]   Vimeo ID: 968434485
[01:19:54]   Downloading from Vimeo...
[01:20:21]   File size: 9.3 MB
[01:20:21]   Uploading to CF Stream...
[01:20:24]   tus upload created: 7b20f94dbc8e0ef9221b6c73aac74cbb
[01:20:27]   uploaded 9795278/9795278 (100%)
[01:20:27]   Stream UID: 7b20f94dbc8e0ef9221b6c73aac74cbb
[01:20:27]   Local file deleted
[01:20:29] 
============================================================
[01:20:29] [48/58] Treating with Bioidentical Progesterone
[01:20:29]   Course: Postpartum Depression & Anxiety: A Restorative Approach to Recovery
[01:20:29]   Vimeo ID: 968434503
[01:20:29]   Downloading from Vimeo...
[01:21:17]   File size: 17.2 MB
[01:21:17]   Uploading to CF Stream...
[01:21:19]   tus upload created: 46908addd3f8c69e0139cf3e9c9bd4d5
[01:21:23]   uploaded 17996040/17996040 (100%)
[01:21:23]   Stream UID: 46908addd3f8c69e0139cf3e9c9bd4d5
[01:21:23]   Local file deleted
[01:21:25] 
============================================================
[01:21:25] [49/58] Prevention and Preconception Care
[01:21:25]   Course: Postpartum Depression & Anxiety: A Restorative Approach to Recovery
[01:21:25]   Vimeo ID: 968434522
[01:21:25]   Downloading from Vimeo...
[01:22:07]   File size: 14.8 MB
[01:22:07]   Uploading to CF Stream...
[01:22:08]   tus upload created: f443f19be81ff3ba2d89955d29344fdc
[01:22:13]   uploaded 15474306/15474306 (100%)
[01:22:13]   Stream UID: f443f19be81ff3ba2d89955d29344fdc
[01:22:13]   Local file deleted
[01:22:15] 
============================================================
[01:22:15] [50/58] Seeking Help and Support
[01:22:15]   Course: Postpartum Depression & Anxiety: A Restorative Approach to Recovery
[01:22:15]   Vimeo ID: 968434538
[01:22:15]   Downloading from Vimeo...
[01:22:35]   File size: 6.6 MB
[01:22:35]   Uploading to CF Stream...
[01:22:36]   tus upload created: 868e790d585e89d97f97f576a46f0401
[01:22:40]   uploaded 6885170/6885170 (100%)
[01:22:40]   Stream UID: 868e790d585e89d97f97f576a46f0401
[01:22:40]   Local file deleted
[01:22:42] 
============================================================
[01:22:42] [51/58] Introduction & Speaker Background
[01:22:42]   Course: Restorative Reproductive Medicine (RRM) vs Standard ART: A New Approach to Infertility
[01:22:42]   Vimeo ID: 934932067
[01:22:42]   Downloading from Vimeo...
[01:22:55]   File size: 4.5 MB
[01:22:55]   Uploading to CF Stream...
[01:22:55]   tus upload created: 47aa2355d1bbc20f591fa33ea757e1ad
[01:22:57]   uploaded 4716808/4716808 (100%)
[01:22:57]   Stream UID: 47aa2355d1bbc20f591fa33ea757e1ad
[01:22:57]   Local file deleted
[01:22:59] 
============================================================
[01:22:59] [52/58] Standard Infertility Treatment Approach
[01:22:59]   Course: Restorative Reproductive Medicine (RRM) vs Standard ART: A New Approach to Infertility
[01:22:59]   Vimeo ID: 934976000
[01:22:59]   Downloading from Vimeo...
[01:23:39]   File size: 42.7 MB
[01:23:39]   Uploading to CF Stream...
[01:23:40]   tus upload created: 4e82c0ab80f57f3db5a5aca6dc2696c3
[01:23:48]   uploaded 44770138/44770138 (100%)
[01:23:48]   Stream UID: 4e82c0ab80f57f3db5a5aca6dc2696c3
[01:23:48]   Local file deleted
[01:23:50] 
============================================================
[01:23:50] [53/58] Questioning the Evidence for IUI & IVF
[01:23:50]   Course: Restorative Reproductive Medicine (RRM) vs Standard ART: A New Approach to Infertility
[01:23:50]   Vimeo ID: 934942604
[01:23:50]   Downloading from Vimeo...
[01:24:54]   File size: 76.5 MB
[01:24:54]   Uploading to CF Stream...
[01:24:55]   tus upload created: d6f5613c9709f28d3f230ff0aaa9c809
[01:25:09]   uploaded 52428800/80169985 (65%)
[01:25:16]   uploaded 80169985/80169985 (100%)
[01:25:16]   Stream UID: d6f5613c9709f28d3f230ff0aaa9c809
[01:25:16]   Local file deleted
[01:25:18] 
============================================================
[01:25:18] [54/58] Risks & Complications of ART
[01:25:18]   Course: Restorative Reproductive Medicine (RRM) vs Standard ART: A New Approach to Infertility
[01:25:18]   Vimeo ID: 934976032
[01:25:18]   Downloading from Vimeo...
[01:26:18]   File size: 54.6 MB
[01:26:18]   Uploading to CF Stream...
[01:26:19]   tus upload created: 8cb375aeaa1d562b9bbbab7d8ac12dbb
[01:26:31]   uploaded 52428800/57301151 (91%)
[01:26:33]   uploaded 57301151/57301151 (100%)
[01:26:33]   Stream UID: 8cb375aeaa1d562b9bbbab7d8ac12dbb
[01:26:33]   Local file deleted
[01:26:35] 
============================================================
[01:26:35] [55/58] Restorative Reproductive Medicine: A Viable Alternative
[01:26:35]   Course: Restorative Reproductive Medicine (RRM) vs Standard ART: A New Approach to Infertility
[01:26:35]   Vimeo ID: 934976078
[01:26:35]   Downloading from Vimeo...
[01:27:04]   File size: 17.2 MB
[01:27:04]   Uploading to CF Stream...
[01:27:05]   tus upload created: 93a5e71a922900e56578c1d33d2d04ac
[01:27:10]   uploaded 18002071/18002071 (100%)
[01:27:10]   Stream UID: 93a5e71a922900e56578c1d33d2d04ac
[01:27:10]   Local file deleted
[01:27:12] 
============================================================
[01:27:12] [56/58] RRM Success Stories & Patient Examples
[01:27:12]   Course: Restorative Reproductive Medicine (RRM) vs Standard ART: A New Approach to Infertility
[01:27:12]   Vimeo ID: 934976117
[01:27:12]   Downloading from Vimeo...
[01:27:51]   File size: 27.4 MB
[01:27:51]   Uploading to CF Stream...
[01:27:52]   tus upload created: 52304b237f6df02886b5483328082255
[01:27:58]   uploaded 28755458/28755458 (100%)
[01:27:58]   Stream UID: 52304b237f6df02886b5483328082255
[01:27:58]   Local file deleted
[01:28:00] 
============================================================
[01:28:00] [57/58] Comparing RRM & REI: A Paradigm Shift
[01:28:00]   Course: Restorative Reproductive Medicine (RRM) vs Standard ART: A New Approach to Infertility
[01:28:00]   Vimeo ID: 934976144
[01:28:00]   Downloading from Vimeo...
[01:28:16]   File size: 8.4 MB
[01:28:16]   Uploading to CF Stream...
[01:28:17]   tus upload created: 296e54c6778af3e470dbb6519b7269bd
[01:28:20]   uploaded 8768473/8768473 (100%)
[01:28:20]   Stream UID: 296e54c6778af3e470dbb6519b7269bd
[01:28:20]   Local file deleted
[01:28:22] 
============================================================
[01:28:22] [58/58] Q&A and Conclusion
[01:28:22]   Course: Restorative Reproductive Medicine (RRM) vs Standard ART: A New Approach to Infertility
[01:28:22]   Vimeo ID: 934976172
[01:28:22]   Downloading from Vimeo...
[01:28:53]   File size: 25.9 MB
[01:28:53]   Uploading to CF Stream...
[01:28:54]   tus upload created: 44ee53ba8289a196ba0359ddc3f0d8fd
[01:29:00]   uploaded 27133567/27133567 (100%)
[01:29:00]   Stream UID: 44ee53ba8289a196ba0359ddc3f0d8fd
[01:29:00]   Local file deleted
[01:29:00] 
============================================================
[01:29:00] DONE. Migrated: 53. Failed: 0.
[01:29:00] Mapping saved to: /Users/brian/iCode/projects/rrm-academy-cf/scripts/vimeo-to-stream-mapping.json
